[2025-01-31 21:57:14] [QSPlugins] The Player <MerKaiRain> has picked 16 of COBBLESTONE at X= -50, Y= 38, Z= -227 that had [] enchantment(s) | 
[2025-01-31 21:57:18] [QSPlugins] The Player <MerKaiRain> has picked 1 of COBBLESTONE at X= -49, Y= 38, Z= -230 that had [] enchantment(s) | 
[2025-01-31 21:57:21] [QSPlugins] The Player <MerKaiRain> has picked 18 of COBBLESTONE at X= -49, Y= 38, Z= -232 that had [] enchantment(s) | 
[2025-01-31 21:57:22] [QSPlugins] The Player <MerKaiRain> has picked 1 of COBBLESTONE at X= -49, Y= 38, Z= -233 that had [] enchantment(s) | 
[2025-01-31 21:58:37] [QSPlugins] The Player <MerKaiRain> has picked 1 of OAK_LOG at X= -56, Y= 69, Z= -208 that had [] enchantment(s) | 
[2025-01-31 21:58:38] [QSPlugins] The Player <MerKaiRain> has picked 4 of OAK_LOG at X= -57, Y= 68, Z= -210 that had [] enchantment(s) | 
[2025-01-31 21:58:39] [QSPlugins] The Player <MerKaiRain> has picked 1 of OAK_SAPLING at X= -57, Y= 70, Z= -208 that had [] enchantment(s) | 
[2025-01-31 22:00:02] [QSPlugins] The Player <MerKaiRain> has picked 1 of PALE_MOSS_BLOCK at X= -1534, Y= 96, Z= 379 that had [] enchantment(s) | 
[2025-01-31 22:00:03] [QSPlugins] The Player <MerKaiRain> has picked 1 of PALE_MOSS_BLOCK at X= -1535, Y= 96, Z= 380 that had [] enchantment(s) | 
[2025-01-31 22:00:03] [QSPlugins] The Player <MerKaiRain> has picked 1 of PALE_MOSS_BLOCK at X= -1535, Y= 96, Z= 379 that had [] enchantment(s) | 
[2025-01-31 22:00:04] [QSPlugins] The Player <MerKaiRain> has picked 1 of PALE_MOSS_BLOCK at X= -1534, Y= 96, Z= 378 that had [] enchantment(s) | 
[2025-01-31 22:00:05] [QSPlugins] The Player <MerKaiRain> has picked 1 of PALE_MOSS_BLOCK at X= -1536, Y= 96, Z= 379 that had [] enchantment(s) | 
[2025-01-31 22:00:05] [QSPlugins] The Player <MerKaiRain> has picked 1 of PALE_MOSS_BLOCK at X= -1536, Y= 96, Z= 378 that had [] enchantment(s) | 
[2025-01-31 22:00:10] [QSPlugins] The Player <MerKaiRain> has picked 40 of PALE_OAK_LOG at X= -1538, Y= 95, Z= 386 that had [] enchantment(s) | 
[2025-01-31 22:00:15] [QSPlugins] The Player <MerKaiRain> has picked 2 of STICK at X= -1542, Y= 97, Z= 382 that had [] enchantment(s) | 
[2025-01-31 22:00:22] [QSPlugins] The Player <MerKaiRain> has picked 1 of TNT at X= -1548, Y= 96, Z= 384 that had [] enchantment(s) | 
[2025-01-31 22:00:30] [QSPlugins] The Player <MerKaiRain> has picked 1 of DIRT at X= -1535, Y= 90, Z= 393 that had [] enchantment(s) | 
[2025-01-31 22:00:31] [QSPlugins] The Player <MerKaiRain> has picked 1 of DIRT at X= -1535, Y= 89, Z= 393 that had [] enchantment(s) | 
[2025-01-31 22:00:32] [QSPlugins] The Player <MerKaiRain> has picked 1 of DIRT at X= -1535, Y= 88, Z= 393 that had [] enchantment(s) | 
[2025-01-31 22:00:34] [QSPlugins] The Player <MerKaiRain> has picked 1 of COBBLESTONE at X= -1535, Y= 87, Z= 393 that had [] enchantment(s) | 
[2025-01-31 22:00:35] [QSPlugins] The Player <MerKaiRain> has picked 1 of COBBLESTONE at X= -1535, Y= 86, Z= 393 that had [] enchantment(s) | 
[2025-01-31 22:00:35] [QSPlugins] The Player <MerKaiRain> has picked 1 of COBBLESTONE at X= -1535, Y= 85, Z= 393 that had [] enchantment(s) | 
[2025-01-31 22:00:36] [QSPlugins] The Player <MerKaiRain> has picked 1 of COBBLESTONE at X= -1535, Y= 84, Z= 393 that had [] enchantment(s) | 
[2025-01-31 22:00:36] [QSPlugins] The Player <MerKaiRain> has picked 1 of COBBLESTONE at X= -1535, Y= 83, Z= 393 that had [] enchantment(s) | 
[2025-01-31 22:00:37] [QSPlugins] The Player <MerKaiRain> has picked 1 of COBBLESTONE at X= -1535, Y= 82, Z= 393 that had [] enchantment(s) | 
[2025-01-31 22:00:37] [QSPlugins] The Player <MerKaiRain> has picked 1 of COBBLESTONE at X= -1535, Y= 81, Z= 393 that had [] enchantment(s) | 
[2025-01-31 22:00:38] [QSPlugins] The Player <MerKaiRain> has picked 1 of COBBLESTONE at X= -1535, Y= 80, Z= 393 that had [] enchantment(s) | 
[2025-01-31 22:00:39] [QSPlugins] The Player <MerKaiRain> has picked 1 of COBBLESTONE at X= -1535, Y= 79, Z= 393 that had [] enchantment(s) | 
[2025-01-31 22:00:40] [QSPlugins] The Player <MerKaiRain> has picked 1 of COBBLESTONE at X= -1534, Y= 80, Z= 393 that had [] enchantment(s) | 
[2025-01-31 22:00:40] [QSPlugins] The Player <MerKaiRain> has picked 1 of COBBLESTONE at X= -1534, Y= 79, Z= 393 that had [] enchantment(s) | 
[2025-01-31 22:00:41] [QSPlugins] The Player <MerKaiRain> has picked 2 of COBBLESTONE at X= -1533, Y= 79, Z= 393 that had [] enchantment(s) | 
[2025-01-31 22:00:42] [QSPlugins] The Player <MerKaiRain> has picked 1 of COBBLESTONE at X= -1532, Y= 79, Z= 393 that had [] enchantment(s) | 
[2025-01-31 22:00:42] [QSPlugins] The Player <MerKaiRain> has picked 1 of COBBLESTONE at X= -1532, Y= 79, Z= 393 that had [] enchantment(s) | 
[2025-01-31 22:00:45] [QSPlugins] The Player <MerKaiRain> has picked 2 of COBBLESTONE at X= -1531, Y= 79, Z= 393 that had [] enchantment(s) | 
[2025-01-31 22:00:46] [QSPlugins] The Player <MerKaiRain> has picked 1 of TNT at X= -1535, Y= 79, Z= 393 that had [] enchantment(s) | 
[2025-01-31 22:00:49] [QSPlugins] The Player <MerKaiRain> has picked 2 of COBBLESTONE at X= -1535, Y= 77, Z= 393 that had [] enchantment(s) | 
[2025-01-31 22:00:50] [QSPlugins] The Player <MerKaiRain> has picked 1 of COBBLESTONE at X= -1535, Y= 76, Z= 393 that had [] enchantment(s) | 
[2025-01-31 22:00:50] [QSPlugins] The Player <MerKaiRain> has picked 1 of COBBLESTONE at X= -1535, Y= 75, Z= 393 that had [] enchantment(s) | 
[2025-01-31 22:00:51] [QSPlugins] The Player <MerKaiRain> has picked 1 of COBBLESTONE at X= -1535, Y= 74, Z= 393 that had [] enchantment(s) | 
[2025-01-31 22:00:51] [QSPlugins] The Player <MerKaiRain> has picked 1 of COBBLESTONE at X= -1535, Y= 73, Z= 393 that had [] enchantment(s) | 
[2025-01-31 22:00:52] [QSPlugins] The Player <MerKaiRain> has picked 1 of COBBLESTONE at X= -1535, Y= 72, Z= 393 that had [] enchantment(s) | 
[2025-01-31 22:00:52] [QSPlugins] The Player <MerKaiRain> has picked 1 of COBBLESTONE at X= -1535, Y= 71, Z= 393 that had [] enchantment(s) | 
[2025-01-31 22:00:53] [QSPlugins] The Player <MerKaiRain> has picked 1 of COBBLESTONE at X= -1535, Y= 70, Z= 393 that had [] enchantment(s) | 
[2025-01-31 22:00:54] [QSPlugins] The Player <MerKaiRain> has picked 1 of COBBLESTONE at X= -1535, Y= 69, Z= 393 that had [] enchantment(s) | 
[2025-01-31 22:00:54] [QSPlugins] The Player <MerKaiRain> has picked 1 of COBBLESTONE at X= -1535, Y= 68, Z= 393 that had [] enchantment(s) | 
[2025-01-31 22:00:55] [QSPlugins] The Player <MerKaiRain> has picked 1 of COBBLESTONE at X= -1535, Y= 67, Z= 393 that had [] enchantment(s) | 
[2025-01-31 22:00:55] [QSPlugins] The Player <MerKaiRain> has picked 1 of COBBLESTONE at X= -1535, Y= 66, Z= 393 that had [] enchantment(s) | 
[2025-01-31 22:00:56] [QSPlugins] The Player <MerKaiRain> has picked 1 of COBBLESTONE at X= -1535, Y= 65, Z= 393 that had [] enchantment(s) | 
[2025-01-31 22:00:56] [QSPlugins] The Player <MerKaiRain> has picked 1 of COBBLESTONE at X= -1535, Y= 64, Z= 393 that had [] enchantment(s) | 
[2025-01-31 22:00:57] [QSPlugins] The Player <MerKaiRain> has picked 1 of COBBLESTONE at X= -1535, Y= 63, Z= 393 that had [] enchantment(s) | 
[2025-01-31 22:00:57] [QSPlugins] The Player <MerKaiRain> has picked 1 of COBBLESTONE at X= -1535, Y= 62, Z= 393 that had [] enchantment(s) | 
[2025-01-31 22:00:58] [QSPlugins] The Player <MerKaiRain> has picked 1 of COBBLESTONE at X= -1535, Y= 61, Z= 393 that had [] enchantment(s) | 
[2025-01-31 22:00:58] [QSPlugins] The Player <MerKaiRain> has picked 1 of COBBLESTONE at X= -1535, Y= 60, Z= 393 that had [] enchantment(s) | 
[2025-01-31 22:00:59] [QSPlugins] The Player <MerKaiRain> has picked 1 of COBBLESTONE at X= -1535, Y= 59, Z= 393 that had [] enchantment(s) | 
[2025-01-31 22:01:00] [QSPlugins] The Player <MerKaiRain> has picked 1 of ANDESITE at X= -1535, Y= 58, Z= 393 that had [] enchantment(s) | 
[2025-01-31 22:01:00] [QSPlugins] The Player <MerKaiRain> has picked 1 of ANDESITE at X= -1535, Y= 57, Z= 393 that had [] enchantment(s) | 
[2025-01-31 22:27:25] [QSPlugins] The Player <MerKaiRain> has picked 21 of RAW_COPPER at X= -96, Y= 20, Z= -19 that had [] enchantment(s) | 
[2025-01-31 22:27:25] [QSPlugins] The Player <MerKaiRain> has picked 1 of COBBLESTONE at X= -96, Y= 20, Z= -19 that had [] enchantment(s) | 
[2025-01-31 22:33:47] [QSPlugins] The Player <MerKaiRain> has picked 1 of OAK_SAPLING at X= -3, Y= 84, Z= 0 that had [] enchantment(s) | 
[2025-01-31 22:41:25] [QSPlugins] The Player <Chesvin1> has picked 1 of EGG at X= 19, Y= 68, Z= -26 that had [] enchantment(s) | 
