[2025-01-31 22:15:08] list
[2025-01-31 22:15:15] lp editor
[2025-01-31 22:18:15] list
[2025-01-31 22:18:47] op MerKaiRain
[2025-01-31 22:19:30] deop MerKaiRain
[2025-01-31 22:20:00] lp user MerKaiRain parent set vip
[2025-01-31 22:20:19] lp user MerKaiRain parent set vip+
[2025-01-31 22:20:55] lp editor
[2025-01-31 22:21:22] list
[2025-01-31 22:22:17] lp user MerKaiRain parent set mod
[2025-01-31 22:22:44] lp user MerKaiRain parent set admin
[2025-01-31 22:23:20] lp user MerKaiRain parent set mod
[2025-01-31 22:23:30] lp user MerKaiRain parent set owner
[2025-01-31 22:24:04] lp editor
[2025-01-31 22:24:28] list
[2025-01-31 22:25:24] lp user MerKaiRain parent set admin
[2025-01-31 22:26:03] lp user MerKaiRain parent set owner
[2025-01-31 22:27:18] lp user MerKaiRain parent set member
[2025-01-31 22:27:35] list
[2025-01-31 22:30:42] list
[2025-01-31 22:33:48] list
[2025-01-31 22:36:55] list
[2025-01-31 22:40:02] list
[2025-01-31 22:40:54] pl
[2025-01-31 22:41:53] lp listgroups
[2025-01-31 22:41:56] lp editor
[2025-01-31 22:43:08] list
[2025-01-31 22:44:11] lp editor
[2025-01-31 22:46:15] list
[2025-01-31 22:46:25] viaversion
[2025-01-31 22:46:34] viabackwards
[2025-01-31 22:46:41] save-all
[2025-01-31 22:46:41] stop
[2025-01-31 22:55:11] list
